<?xml version="1.0" encoding="UTF-8" ?>
<testsuite tests="0" failures="0" name="Test" time="0" errors="0" skipped="0">
  <properties>
    <property name="idea.version" value="2021.3.1"/>
    <property name="java.runtime.name" value="OpenJDK Runtime Environment"/>
    <property name="sun.boot.library.path" value="C:\Users\91136\.jdks\corretto-1.8.0_332\jre\bin"/>
    <property name="java.vm.version" value="25.332-b08"/>
    <property name="java.vm.vendor" value="Amazon.com Inc."/>
    <property name="maven.multiModuleProjectDirectory" value="D:\tools\shiro_detect"/>
    <property name="java.vendor.url" value="https://aws.amazon.com/corretto/"/>
    <property name="path.separator" value=";"/>
    <property name="guice.disable.misplaced.annotation.check" value="true"/>
    <property name="java.vm.name" value="OpenJDK 64-Bit Server VM"/>
    <property name="file.encoding.pkg" value="sun.io"/>
    <property name="user.script" value=""/>
    <property name="user.country" value="CN"/>
    <property name="sun.java.launcher" value="SUN_STANDARD"/>
    <property name="sun.os.patch.level" value=""/>
    <property name="java.vm.specification.name" value="Java Virtual Machine Specification"/>
    <property name="user.dir" value="D:\tools\shiro_detect"/>
    <property name="java.runtime.version" value="1.8.0_332-b08"/>
    <property name="java.awt.graphicsenv" value="sun.awt.Win32GraphicsEnvironment"/>
    <property name="java.endorsed.dirs" value="C:\Users\91136\.jdks\corretto-1.8.0_332\jre\lib\endorsed"/>
    <property name="os.arch" value="amd64"/>
    <property name="java.io.tmpdir" value="C:\Users\91136\AppData\Local\Temp\"/>
    <property name="line.separator" value="
"/>
    <property name="java.vm.specification.vendor" value="Oracle Corporation"/>
    <property name="user.variant" value=""/>
    <property name="os.name" value="Windows 10"/>
    <property name="maven.ext.class.path" value="E:\JetBrains\IntelliJ IDEA 2021.3.1\plugins\maven\lib\maven-event-listener.jar"/>
    <property name="classworlds.conf" value="E:\JetBrains\IntelliJ IDEA 2021.3.1\plugins\maven\lib\maven3\bin\m2.conf"/>
    <property name="sun.jnu.encoding" value="GBK"/>
    <property name="java.library.path" value="C:\Users\91136\.jdks\corretto-1.8.0_332\bin;C:\WINDOWS\Sun\Java\bin;C:\WINDOWS\system32;C:\WINDOWS;C:\Users\91136\.jdks\corretto-1.8.0_332\bin;E:\Python39\Scripts\;E:\Python39\;E:\Python27\Scripts\;E:\Python27\;E:\VMware\VMware Workstation\bin\;C:\WINDOWS\system32;C:\WINDOWS;C:\WINDOWS\System32\Wbem;C:\WINDOWS\System32\WindowsPowerShell\v1.0\;C:\WINDOWS\System32\OpenSSH\;E:\Git\cmd;E:\Xshell 7\;E:\Xftp 7\;E:\mysql-5.7.24-winx64\bin\;E:\apache-maven-3.6.1\bin\;E:\nodejs\;E:\nodejs\node_global;C:\Program Files\dotnet\;F:\tools\IBM\SPSS\Statistics\25\JRE\bin;E:\mysql-8.0.30-winx64\\bin;C:\Program Files\MySQL\MySQL Shell 8.0\bin\;C:\Users\91136\AppData\Local\Microsoft\WindowsApps;;E:\PyCharm\bin;;E:\PhpStorm 2020.1\bin;;C:\Users\91136\AppData\Roaming\npm;E:\Microsoft VS Code\bin;C:\Users\91136\.dotnet\tools;D:\tools\Nmap;."/>
    <property name="maven.conf" value="E:\JetBrains\IntelliJ IDEA 2021.3.1\plugins\maven\lib\maven3/conf"/>
    <property name="java.specification.name" value="Java Platform API Specification"/>
    <property name="java.class.version" value="52.0"/>
    <property name="sun.management.compiler" value="HotSpot 64-Bit Tiered Compilers"/>
    <property name="os.version" value="10.0"/>
    <property name="user.home" value="C:\Users\91136"/>
    <property name="user.timezone" value="Asia/Shanghai"/>
    <property name="java.awt.printerjob" value="sun.awt.windows.WPrinterJob"/>
    <property name="java.specification.version" value="1.8"/>
    <property name="file.encoding" value="UTF-8"/>
    <property name="user.name" value="rerce"/>
    <property name="java.class.path" value="E:\JetBrains\IntelliJ IDEA 2021.3.1\plugins\maven\lib\maven3\boot\plexus-classworlds-2.6.0.jar;E:\JetBrains\IntelliJ IDEA 2021.3.1\plugins\maven\lib\maven3\boot\plexus-classworlds.license;E:\JetBrains\IntelliJ IDEA 2021.3.1\lib\idea_rt.jar"/>
    <property name="java.vm.specification.version" value="1.8"/>
    <property name="sun.arch.data.model" value="64"/>
    <property name="java.home" value="C:\Users\91136\.jdks\corretto-1.8.0_332\jre"/>
    <property name="sun.java.command" value="org.codehaus.classworlds.Launcher -Didea.version=2021.3.1 -s E:\apache-maven-3.6.1\conf\settings.xml install"/>
    <property name="java.specification.vendor" value="Oracle Corporation"/>
    <property name="user.language" value="zh"/>
    <property name="awt.toolkit" value="sun.awt.windows.WToolkit"/>
    <property name="java.vm.info" value="mixed mode"/>
    <property name="java.version" value="1.8.0_332"/>
    <property name="java.ext.dirs" value="C:\Users\91136\.jdks\corretto-1.8.0_332\jre\lib\ext;C:\WINDOWS\Sun\Java\lib\ext"/>
    <property name="sun.boot.class.path" value="C:\Users\91136\.jdks\corretto-1.8.0_332\jre\lib\resources.jar;C:\Users\91136\.jdks\corretto-1.8.0_332\jre\lib\rt.jar;C:\Users\91136\.jdks\corretto-1.8.0_332\jre\lib\sunrsasign.jar;C:\Users\91136\.jdks\corretto-1.8.0_332\jre\lib\jsse.jar;C:\Users\91136\.jdks\corretto-1.8.0_332\jre\lib\jce.jar;C:\Users\91136\.jdks\corretto-1.8.0_332\jre\lib\charsets.jar;C:\Users\91136\.jdks\corretto-1.8.0_332\jre\lib\jfr.jar;C:\Users\91136\.jdks\corretto-1.8.0_332\jre\classes"/>
    <property name="java.vendor" value="Amazon.com Inc."/>
    <property name="maven.home" value="E:\JetBrains\IntelliJ IDEA 2021.3.1\plugins\maven\lib\maven3"/>
    <property name="file.separator" value="\"/>
    <property name="java.vendor.url.bug" value="https://github.com/corretto/corretto-8/issues/"/>
    <property name="sun.cpu.endian" value="little"/>
    <property name="sun.io.unicode.encoding" value="UnicodeLittle"/>
    <property name="sun.desktop" value="windows"/>
    <property name="sun.cpu.isalist" value="amd64"/>
  </properties>
</testsuite>